<?xml version="1.0" encoding="UTF-8"?>
<!-- Generated by org.testng.reporters.JUnitReportReporter -->
<testsuite skipped="0" hostname="DESKTOP-089NAN2" name="Testclasses.RecordMgntPageTest" tests="3" failures="0" timestamp="27 Jun 2018 23:32:24 GMT" time="44.740" errors="0">
  <testcase name="logintest" time="29.592" classname="Testclasses.RecordMgntPageTest"/>
  <testcase name="clickOnRecruitmentButton" time="5.122" classname="Testclasses.RecordMgntPageTest"/>
  <testcase name="clickOnAddButton" time="10.026" classname="Testclasses.RecordMgntPageTest"/>
</testsuite> <!-- Testclasses.RecordMgntPageTest -->
