<?xml version="1.0" encoding="UTF-8"?>
<!-- Generated by org.testng.reporters.JUnitReportReporter -->
<testsuite skipped="0" hostname="DESKTOP-089NAN2" name="Testclasses.loginpagetest" tests="1" failures="0" timestamp="27 Jun 2018 22:58:33 GMT" time="4.475" errors="0">
  <testcase name="login" time="4.475" classname="Testclasses.loginpagetest"/>
</testsuite> <!-- Testclasses.loginpagetest -->
