<?xml version="1.0" encoding="UTF-8"?>
<!-- Generated by org.testng.reporters.JUnitReportReporter -->
<testsuite skipped="0" hostname="DESKTOP-089NAN2" name="Testclasses.RecordMgntPageTest" tests="3" failures="0" timestamp="27 Jun 2018 22:55:59 GMT" time="18.706" errors="0">
  <testcase name="logintest" time="4.601" classname="Testclasses.RecordMgntPageTest"/>
  <testcase name="clickOnRecruitmentButton" time="5.150" classname="Testclasses.RecordMgntPageTest"/>
  <testcase name="clickOnAddButton" time="8.955" classname="Testclasses.RecordMgntPageTest"/>
</testsuite> <!-- Testclasses.RecordMgntPageTest -->
